[2022-11-01 07:17:21] main.CRITICAL: Warning: Cannot modify header information - headers already sent by (output started at /var/www/html/pub/index.php:25) in /var/www/html/vendor/magento/framework/Stdlib/Cookie/PhpCookieManager.php on line 152 {"report_id":"02f8d49e0e686657511b888bb228235979916cdc29da7a7e579641722cf162c0","exception":"[object] (Exception(code: 0): Warning: Cannot modify header information - headers already sent by (output started at /var/www/html/pub/index.php:25) in /var/www/html/vendor/magento/framework/Stdlib/Cookie/PhpCookieManager.php on line 152 at /var/www/html/vendor/magento/framework/App/ErrorHandler.php:61)"} []
[2022-11-01 07:17:30] main.CRITICAL: Warning: Cannot modify header information - headers already sent by (output started at /var/www/html/pub/index.php:25) in /var/www/html/vendor/magento/framework/Stdlib/Cookie/PhpCookieManager.php on line 152 {"report_id":"02f8d49e0e686657511b888bb228235979916cdc29da7a7e579641722cf162c0","exception":"[object] (Exception(code: 0): Warning: Cannot modify header information - headers already sent by (output started at /var/www/html/pub/index.php:25) in /var/www/html/vendor/magento/framework/Stdlib/Cookie/PhpCookieManager.php on line 152 at /var/www/html/vendor/magento/framework/App/ErrorHandler.php:61)"} []
[2022-11-01 07:17:51] main.CRITICAL: Warning: Cannot modify header information - headers already sent by (output started at /var/www/html/pub/index.php:25) in /var/www/html/vendor/magento/framework/Stdlib/Cookie/PhpCookieManager.php on line 152 {"report_id":"02f8d49e0e686657511b888bb228235979916cdc29da7a7e579641722cf162c0","exception":"[object] (Exception(code: 0): Warning: Cannot modify header information - headers already sent by (output started at /var/www/html/pub/index.php:25) in /var/www/html/vendor/magento/framework/Stdlib/Cookie/PhpCookieManager.php on line 152 at /var/www/html/vendor/magento/framework/App/ErrorHandler.php:61)"} []
[2022-11-04 09:08:04] main.CRITICAL: Notice: Undefined index: directiveName in /var/www/html/vendor/magento/framework/Filter/DirectiveProcessor/SimpleDirective.php on line 68 {"exception":"[object] (Exception(code: 0): Notice: Undefined index: directiveName in /var/www/html/vendor/magento/framework/Filter/DirectiveProcessor/SimpleDirective.php on line 68 at /var/www/html/vendor/magento/framework/App/ErrorHandler.php:61)"} []
[2022-11-04 09:08:40] main.CRITICAL: Notice: Undefined index: directiveName in /var/www/html/vendor/magento/framework/Filter/DirectiveProcessor/SimpleDirective.php on line 68 {"exception":"[object] (Exception(code: 0): Notice: Undefined index: directiveName in /var/www/html/vendor/magento/framework/Filter/DirectiveProcessor/SimpleDirective.php on line 68 at /var/www/html/vendor/magento/framework/App/ErrorHandler.php:61)"} []
[2022-11-07 05:20:06] main.CRITICAL: Theme's key does not correspond to required format: '<area>/<vendor>/<name>' {"report_id":"aee6a802ea50410a316cc1b7e0c791b91e34db203a18a12914dc42610cbccb56","exception":"[object] (UnexpectedValueException(code: 0): Theme's key does not correspond to required format: '<area>/<vendor>/<name>' at /var/www/html/vendor/magento/framework/View/Design/Theme/ThemePackage.php:60)"} []
[2022-11-07 05:20:08] main.CRITICAL: Theme's key does not correspond to required format: '<area>/<vendor>/<name>' {"report_id":"aee6a802ea50410a316cc1b7e0c791b91e34db203a18a12914dc42610cbccb56","exception":"[object] (UnexpectedValueException(code: 0): Theme's key does not correspond to required format: '<area>/<vendor>/<name>' at /var/www/html/vendor/magento/framework/View/Design/Theme/ThemePackage.php:60)"} []
[2022-11-07 05:20:18] main.CRITICAL: Theme's key does not correspond to required format: '<area>/<vendor>/<name>' {"report_id":"aee6a802ea50410a316cc1b7e0c791b91e34db203a18a12914dc42610cbccb56","exception":"[object] (UnexpectedValueException(code: 0): Theme's key does not correspond to required format: '<area>/<vendor>/<name>' at /var/www/html/vendor/magento/framework/View/Design/Theme/ThemePackage.php:60)"} []
[2022-11-07 05:20:56] main.CRITICAL: File "" does not exist. {"exception":"[object] (Magento\\Framework\\Exception\\FileSystemException(code: 0): File \"\" does not exist. at /var/www/html/vendor/magento/framework/Image/Adapter/Gd2.php:67)"} []
[2022-11-07 05:20:58] main.CRITICAL: File "" does not exist. {"exception":"[object] (Magento\\Framework\\Exception\\FileSystemException(code: 0): File \"\" does not exist. at /var/www/html/vendor/magento/framework/Image/Adapter/Gd2.php:67)"} []
[2022-11-07 05:21:02] main.CRITICAL: File "" does not exist. {"exception":"[object] (Magento\\Framework\\Exception\\FileSystemException(code: 0): File \"\" does not exist. at /var/www/html/vendor/magento/framework/Image/Adapter/Gd2.php:67)"} []
[2022-11-07 05:21:04] main.CRITICAL: File "" does not exist. {"exception":"[object] (Magento\\Framework\\Exception\\FileSystemException(code: 0): File \"\" does not exist. at /var/www/html/vendor/magento/framework/Image/Adapter/Gd2.php:67)"} []
[2022-11-07 05:21:14] main.CRITICAL: File "" does not exist. {"exception":"[object] (Magento\\Framework\\Exception\\FileSystemException(code: 0): File \"\" does not exist. at /var/www/html/vendor/magento/framework/Image/Adapter/Gd2.php:67)"} []
[2022-11-07 05:21:18] main.CRITICAL: File "" does not exist. {"exception":"[object] (Magento\\Framework\\Exception\\FileSystemException(code: 0): File \"\" does not exist. at /var/www/html/vendor/magento/framework/Image/Adapter/Gd2.php:67)"} []
[2022-11-07 05:21:20] main.CRITICAL: File "" does not exist. {"exception":"[object] (Magento\\Framework\\Exception\\FileSystemException(code: 0): File \"\" does not exist. at /var/www/html/vendor/magento/framework/Image/Adapter/Gd2.php:67)"} []
[2022-11-07 05:21:27] main.CRITICAL: File "" does not exist. {"exception":"[object] (Magento\\Framework\\Exception\\FileSystemException(code: 0): File \"\" does not exist. at /var/www/html/vendor/magento/framework/Image/Adapter/Gd2.php:67)"} []
[2022-11-07 05:21:29] main.CRITICAL: File "" does not exist. {"exception":"[object] (Magento\\Framework\\Exception\\FileSystemException(code: 0): File \"\" does not exist. at /var/www/html/vendor/magento/framework/Image/Adapter/Gd2.php:67)"} []
[2022-11-07 05:21:29] main.CRITICAL: File "" does not exist. {"exception":"[object] (Magento\\Framework\\Exception\\FileSystemException(code: 0): File \"\" does not exist. at /var/www/html/vendor/magento/framework/Image/Adapter/Gd2.php:67)"} []
[2022-11-07 05:21:32] main.CRITICAL: File "" does not exist. {"exception":"[object] (Magento\\Framework\\Exception\\FileSystemException(code: 0): File \"\" does not exist. at /var/www/html/vendor/magento/framework/Image/Adapter/Gd2.php:67)"} []
[2022-11-07 05:21:34] main.CRITICAL: File "" does not exist. {"exception":"[object] (Magento\\Framework\\Exception\\FileSystemException(code: 0): File \"\" does not exist. at /var/www/html/vendor/magento/framework/Image/Adapter/Gd2.php:67)"} []
[2022-11-07 05:23:13] main.CRITICAL: File "" does not exist. {"exception":"[object] (Magento\\Framework\\Exception\\FileSystemException(code: 0): File \"\" does not exist. at /var/www/html/vendor/magento/framework/Image/Adapter/Gd2.php:67)"} []
[2022-11-07 05:23:15] main.CRITICAL: File "" does not exist. {"exception":"[object] (Magento\\Framework\\Exception\\FileSystemException(code: 0): File \"\" does not exist. at /var/www/html/vendor/magento/framework/Image/Adapter/Gd2.php:67)"} []
[2022-11-07 05:23:26] main.CRITICAL: Theme's key does not correspond to required format: '<area>/<vendor>/<name>' {"report_id":"aee6a802ea50410a316cc1b7e0c791b91e34db203a18a12914dc42610cbccb56","exception":"[object] (UnexpectedValueException(code: 0): Theme's key does not correspond to required format: '<area>/<vendor>/<name>' at /var/www/html/vendor/magento/framework/View/Design/Theme/ThemePackage.php:60)"} []
[2022-11-07 05:23:51] main.CRITICAL: Theme's key does not correspond to required format: '<area>/<vendor>/<name>' {"report_id":"aee6a802ea50410a316cc1b7e0c791b91e34db203a18a12914dc42610cbccb56","exception":"[object] (UnexpectedValueException(code: 0): Theme's key does not correspond to required format: '<area>/<vendor>/<name>' at /var/www/html/vendor/magento/framework/View/Design/Theme/ThemePackage.php:60)"} []
[2022-11-07 05:23:52] main.CRITICAL: Theme's key does not correspond to required format: '<area>/<vendor>/<name>' {"report_id":"aee6a802ea50410a316cc1b7e0c791b91e34db203a18a12914dc42610cbccb56","exception":"[object] (UnexpectedValueException(code: 0): Theme's key does not correspond to required format: '<area>/<vendor>/<name>' at /var/www/html/vendor/magento/framework/View/Design/Theme/ThemePackage.php:60)"} []
[2022-11-07 05:24:34] main.CRITICAL: File "" does not exist. {"exception":"[object] (Magento\\Framework\\Exception\\FileSystemException(code: 0): File \"\" does not exist. at /var/www/html/vendor/magento/framework/Image/Adapter/Gd2.php:67)"} []
[2022-11-07 05:24:36] main.CRITICAL: File "" does not exist. {"exception":"[object] (Magento\\Framework\\Exception\\FileSystemException(code: 0): File \"\" does not exist. at /var/www/html/vendor/magento/framework/Image/Adapter/Gd2.php:67)"} []
[2022-11-07 05:24:40] main.CRITICAL: File "" does not exist. {"exception":"[object] (Magento\\Framework\\Exception\\FileSystemException(code: 0): File \"\" does not exist. at /var/www/html/vendor/magento/framework/Image/Adapter/Gd2.php:67)"} []
[2022-11-07 05:24:42] main.CRITICAL: File "" does not exist. {"exception":"[object] (Magento\\Framework\\Exception\\FileSystemException(code: 0): File \"\" does not exist. at /var/www/html/vendor/magento/framework/Image/Adapter/Gd2.php:67)"} []
[2022-11-07 05:24:45] main.CRITICAL: File "" does not exist. {"exception":"[object] (Magento\\Framework\\Exception\\FileSystemException(code: 0): File \"\" does not exist. at /var/www/html/vendor/magento/framework/Image/Adapter/Gd2.php:67)"} []
[2022-11-07 05:24:47] main.CRITICAL: File "" does not exist. {"exception":"[object] (Magento\\Framework\\Exception\\FileSystemException(code: 0): File \"\" does not exist. at /var/www/html/vendor/magento/framework/Image/Adapter/Gd2.php:67)"} []
[2022-11-07 05:24:47] main.CRITICAL: File "" does not exist. {"exception":"[object] (Magento\\Framework\\Exception\\FileSystemException(code: 0): File \"\" does not exist. at /var/www/html/vendor/magento/framework/Image/Adapter/Gd2.php:67)"} []
[2022-11-07 05:24:49] main.CRITICAL: File "" does not exist. {"exception":"[object] (Magento\\Framework\\Exception\\FileSystemException(code: 0): File \"\" does not exist. at /var/www/html/vendor/magento/framework/Image/Adapter/Gd2.php:67)"} []
[2022-11-07 05:24:51] main.CRITICAL: File "" does not exist. {"exception":"[object] (Magento\\Framework\\Exception\\FileSystemException(code: 0): File \"\" does not exist. at /var/www/html/vendor/magento/framework/Image/Adapter/Gd2.php:67)"} []
[2022-11-10 11:34:54] main.CRITICAL: Please upgrade your database: Run "bin/magento setup:upgrade" from the Magento root directory.
The following modules are outdated:
Pixelpro_Helloworld data: current version - 1.1.2, required version - 1.3/0 {"report_id":"70c2780076b88b40f4f410e8a7410596f300c400e4e17c824187dbc4047b6bf4","exception":"[object] (Magento\\Framework\\Exception\\LocalizedException(code: 0): Please upgrade your database: Run \"bin/magento setup:upgrade\" from the Magento root directory.
The following modules are outdated:
Pixelpro_Helloworld data: current version - 1.1.2, required version - 1.3/0 at /var/www/html/vendor/magento/framework/Module/Plugin/DbStatusValidator.php:66)"} []
[2022-11-10 11:34:58] main.CRITICAL: Please upgrade your database: Run "bin/magento setup:upgrade" from the Magento root directory.
The following modules are outdated:
Pixelpro_Helloworld data: current version - 1.1.2, required version - 1.3/0 {"report_id":"70c2780076b88b40f4f410e8a7410596f300c400e4e17c824187dbc4047b6bf4","exception":"[object] (Magento\\Framework\\Exception\\LocalizedException(code: 0): Please upgrade your database: Run \"bin/magento setup:upgrade\" from the Magento root directory.
The following modules are outdated:
Pixelpro_Helloworld data: current version - 1.1.2, required version - 1.3/0 at /var/www/html/vendor/magento/framework/Module/Plugin/DbStatusValidator.php:66)"} []
[2022-11-10 11:35:04] main.CRITICAL: Please upgrade your database: Run "bin/magento setup:upgrade" from the Magento root directory.
The following modules are outdated:
Pixelpro_Helloworld data: current version - 1.1.2, required version - 1.3/0 {"report_id":"70c2780076b88b40f4f410e8a7410596f300c400e4e17c824187dbc4047b6bf4","exception":"[object] (Magento\\Framework\\Exception\\LocalizedException(code: 0): Please upgrade your database: Run \"bin/magento setup:upgrade\" from the Magento root directory.
The following modules are outdated:
Pixelpro_Helloworld data: current version - 1.1.2, required version - 1.3/0 at /var/www/html/vendor/magento/framework/Module/Plugin/DbStatusValidator.php:66)"} []
[2022-11-10 11:35:05] main.CRITICAL: Please upgrade your database: Run "bin/magento setup:upgrade" from the Magento root directory.
The following modules are outdated:
Pixelpro_Helloworld data: current version - 1.1.2, required version - 1.3/0 {"report_id":"70c2780076b88b40f4f410e8a7410596f300c400e4e17c824187dbc4047b6bf4","exception":"[object] (Magento\\Framework\\Exception\\LocalizedException(code: 0): Please upgrade your database: Run \"bin/magento setup:upgrade\" from the Magento root directory.
The following modules are outdated:
Pixelpro_Helloworld data: current version - 1.1.2, required version - 1.3/0 at /var/www/html/vendor/magento/framework/Module/Plugin/DbStatusValidator.php:66)"} []
[2022-11-10 11:35:10] main.CRITICAL: Please upgrade your database: Run "bin/magento setup:upgrade" from the Magento root directory.
The following modules are outdated:
Pixelpro_Helloworld data: current version - 1.1.2, required version - 1.3/0 {"report_id":"d98dcc3132cdde9259c87df69a10c3a77dce0277a34f565ecc008fa838749a87","exception":"[object] (Magento\\Framework\\Exception\\LocalizedException(code: 0): Please upgrade your database: Run \"bin/magento setup:upgrade\" from the Magento root directory.
The following modules are outdated:
Pixelpro_Helloworld data: current version - 1.1.2, required version - 1.3/0 at /var/www/html/vendor/magento/framework/Module/Plugin/DbStatusValidator.php:66)"} []
[2022-11-10 11:37:27] main.CRITICAL: Please upgrade your database: Run "bin/magento setup:upgrade" from the Magento root directory.
The following modules are outdated:
Pixelpro_Helloworld data: current version - 1.1.2, required version - 1.3/0 {"report_id":"d98dcc3132cdde9259c87df69a10c3a77dce0277a34f565ecc008fa838749a87","exception":"[object] (Magento\\Framework\\Exception\\LocalizedException(code: 0): Please upgrade your database: Run \"bin/magento setup:upgrade\" from the Magento root directory.
The following modules are outdated:
Pixelpro_Helloworld data: current version - 1.1.2, required version - 1.3/0 at /var/www/html/vendor/magento/framework/Module/Plugin/DbStatusValidator.php:66)"} []
[2022-11-10 11:37:46] main.CRITICAL: Please upgrade your database: Run "bin/magento setup:upgrade" from the Magento root directory.
The following modules are outdated:
Pixelpro_Helloworld schema: current version - 1.3/0, required version - 1.3.0
Pixelpro_Helloworld data: current version - 1.1.2, required version - 1.3.0 {"report_id":"ad9f1396d9dde1d0dbcd45365c0a74bc584aa2bbe4f4e991b54679b5f473eb11","exception":"[object] (Magento\\Framework\\Exception\\LocalizedException(code: 0): Please upgrade your database: Run \"bin/magento setup:upgrade\" from the Magento root directory.
The following modules are outdated:
Pixelpro_Helloworld schema: current version - 1.3/0, required version - 1.3.0
Pixelpro_Helloworld data: current version - 1.1.2, required version - 1.3.0 at /var/www/html/vendor/magento/framework/Module/Plugin/DbStatusValidator.php:66)"} []
[2022-11-10 11:37:48] main.CRITICAL: Please upgrade your database: Run "bin/magento setup:upgrade" from the Magento root directory.
The following modules are outdated:
Pixelpro_Helloworld schema: current version - 1.3/0, required version - 1.3.0
Pixelpro_Helloworld data: current version - 1.1.2, required version - 1.3.0 {"report_id":"ad9f1396d9dde1d0dbcd45365c0a74bc584aa2bbe4f4e991b54679b5f473eb11","exception":"[object] (Magento\\Framework\\Exception\\LocalizedException(code: 0): Please upgrade your database: Run \"bin/magento setup:upgrade\" from the Magento root directory.
The following modules are outdated:
Pixelpro_Helloworld schema: current version - 1.3/0, required version - 1.3.0
Pixelpro_Helloworld data: current version - 1.1.2, required version - 1.3.0 at /var/www/html/vendor/magento/framework/Module/Plugin/DbStatusValidator.php:66)"} []
[2022-11-10 11:37:48] main.CRITICAL: Please upgrade your database: Run "bin/magento setup:upgrade" from the Magento root directory.
The following modules are outdated:
Pixelpro_Helloworld schema: current version - 1.3/0, required version - 1.3.0
Pixelpro_Helloworld data: current version - 1.1.2, required version - 1.3.0 {"report_id":"ad9f1396d9dde1d0dbcd45365c0a74bc584aa2bbe4f4e991b54679b5f473eb11","exception":"[object] (Magento\\Framework\\Exception\\LocalizedException(code: 0): Please upgrade your database: Run \"bin/magento setup:upgrade\" from the Magento root directory.
The following modules are outdated:
Pixelpro_Helloworld schema: current version - 1.3/0, required version - 1.3.0
Pixelpro_Helloworld data: current version - 1.1.2, required version - 1.3.0 at /var/www/html/vendor/magento/framework/Module/Plugin/DbStatusValidator.php:66)"} []
[2022-11-10 11:38:04] main.CRITICAL: Please upgrade your database: Run "bin/magento setup:upgrade" from the Magento root directory.
The following modules are outdated:
Pixelpro_Helloworld schema: current version - 1.3/0, required version - 1.3.0
Pixelpro_Helloworld data: current version - 1.1.2, required version - 1.3.0 {"report_id":"ad9f1396d9dde1d0dbcd45365c0a74bc584aa2bbe4f4e991b54679b5f473eb11","exception":"[object] (Magento\\Framework\\Exception\\LocalizedException(code: 0): Please upgrade your database: Run \"bin/magento setup:upgrade\" from the Magento root directory.
The following modules are outdated:
Pixelpro_Helloworld schema: current version - 1.3/0, required version - 1.3.0
Pixelpro_Helloworld data: current version - 1.1.2, required version - 1.3.0 at /var/www/html/vendor/magento/framework/Module/Plugin/DbStatusValidator.php:66)"} []
[2022-11-10 11:38:05] main.CRITICAL: Please upgrade your database: Run "bin/magento setup:upgrade" from the Magento root directory.
The following modules are outdated:
Pixelpro_Helloworld schema: current version - 1.3/0, required version - 1.3.0
Pixelpro_Helloworld data: current version - 1.1.2, required version - 1.3.0 {"report_id":"ad9f1396d9dde1d0dbcd45365c0a74bc584aa2bbe4f4e991b54679b5f473eb11","exception":"[object] (Magento\\Framework\\Exception\\LocalizedException(code: 0): Please upgrade your database: Run \"bin/magento setup:upgrade\" from the Magento root directory.
The following modules are outdated:
Pixelpro_Helloworld schema: current version - 1.3/0, required version - 1.3.0
Pixelpro_Helloworld data: current version - 1.1.2, required version - 1.3.0 at /var/www/html/vendor/magento/framework/Module/Plugin/DbStatusValidator.php:66)"} []
[2022-11-10 12:16:06] main.CRITICAL: Please upgrade your database: Run "bin/magento setup:upgrade" from the Magento root directory.
The following modules are outdated:
Pixelpro_Helloworld schema: current version - 1.3/0, required version - 1.3.0
Pixelpro_Helloworld data: current version - 1.1.2, required version - 1.3.0 {"report_id":"ad9f1396d9dde1d0dbcd45365c0a74bc584aa2bbe4f4e991b54679b5f473eb11","exception":"[object] (Magento\\Framework\\Exception\\LocalizedException(code: 0): Please upgrade your database: Run \"bin/magento setup:upgrade\" from the Magento root directory.
The following modules are outdated:
Pixelpro_Helloworld schema: current version - 1.3/0, required version - 1.3.0
Pixelpro_Helloworld data: current version - 1.1.2, required version - 1.3.0 at /var/www/html/vendor/magento/framework/Module/Plugin/DbStatusValidator.php:66)"} []
[2022-11-10 12:18:27] main.CRITICAL: Please upgrade your database: Run "bin/magento setup:upgrade" from the Magento root directory.
The following modules are outdated:
Pixelpro_Helloworld schema: current version - 1.3/0, required version - 1.3.0
Pixelpro_Helloworld data: current version - 1.1.2, required version - 1.3.0 {"report_id":"ad9f1396d9dde1d0dbcd45365c0a74bc584aa2bbe4f4e991b54679b5f473eb11","exception":"[object] (Magento\\Framework\\Exception\\LocalizedException(code: 0): Please upgrade your database: Run \"bin/magento setup:upgrade\" from the Magento root directory.
The following modules are outdated:
Pixelpro_Helloworld schema: current version - 1.3/0, required version - 1.3.0
Pixelpro_Helloworld data: current version - 1.1.2, required version - 1.3.0 at /var/www/html/vendor/magento/framework/Module/Plugin/DbStatusValidator.php:66)"} []
[2022-11-10 12:18:41] main.CRITICAL: Please upgrade your database: Run "bin/magento setup:upgrade" from the Magento root directory.
The following modules are outdated:
Pixelpro_Helloworld schema: current version - 1.3/0, required version - 1.3.0
Pixelpro_Helloworld data: current version - 1.1.2, required version - 1.3.0 {"report_id":"e3d9c1edd2516354d973cf64a4bb06ced69b9f58bc90d5ca5e8ecaca1201fa82","exception":"[object] (Magento\\Framework\\Exception\\LocalizedException(code: 0): Please upgrade your database: Run \"bin/magento setup:upgrade\" from the Magento root directory.
The following modules are outdated:
Pixelpro_Helloworld schema: current version - 1.3/0, required version - 1.3.0
Pixelpro_Helloworld data: current version - 1.1.2, required version - 1.3.0 at /var/www/html/vendor/magento/framework/Module/Plugin/DbStatusValidator.php:66)"} []
[2022-11-10 12:19:17] main.CRITICAL: Please upgrade your database: Run "bin/magento setup:upgrade" from the Magento root directory.
The following modules are outdated:
Pixelpro_Helloworld schema: current version - 1.3/0, required version - 1.3.0
Pixelpro_Helloworld data: current version - 1.1.2, required version - 1.3.0 {"report_id":"ad9f1396d9dde1d0dbcd45365c0a74bc584aa2bbe4f4e991b54679b5f473eb11","exception":"[object] (Magento\\Framework\\Exception\\LocalizedException(code: 0): Please upgrade your database: Run \"bin/magento setup:upgrade\" from the Magento root directory.
The following modules are outdated:
Pixelpro_Helloworld schema: current version - 1.3/0, required version - 1.3.0
Pixelpro_Helloworld data: current version - 1.1.2, required version - 1.3.0 at /var/www/html/vendor/magento/framework/Module/Plugin/DbStatusValidator.php:66)"} []
[2022-11-10 12:21:31] main.CRITICAL: Please upgrade your database: Run "bin/magento setup:upgrade" from the Magento root directory.
The following modules are outdated:
Pixelpro_Helloworld schema: current version - 1.3/0, required version - 1.3.0
Pixelpro_Helloworld data: current version - 1.1.2, required version - 1.3.0 {"report_id":"ad9f1396d9dde1d0dbcd45365c0a74bc584aa2bbe4f4e991b54679b5f473eb11","exception":"[object] (Magento\\Framework\\Exception\\LocalizedException(code: 0): Please upgrade your database: Run \"bin/magento setup:upgrade\" from the Magento root directory.
The following modules are outdated:
Pixelpro_Helloworld schema: current version - 1.3/0, required version - 1.3.0
Pixelpro_Helloworld data: current version - 1.1.2, required version - 1.3.0 at /var/www/html/vendor/magento/framework/Module/Plugin/DbStatusValidator.php:66)"} []
[2022-11-15 12:12:32] main.CRITICAL: Type Error occurred when creating object: Signup\SignupModule\Controller\Index\index\Interceptor, Too few arguments to function Signup\SignupModule\Controller\Index\Index::__construct(), 1 passed in /var/www/html/generated/code/Signup/SignupModule/Controller/Index/index/Interceptor.php on line 14 and exactly 2 expected {"report_id":"9e36da210ef3c3725fd8346cbd7c5ebeda43fb65bc9f3bd100417b6e9281f1ee","exception":"[object] (Magento\\Framework\\Exception\\RuntimeException(code: 0): Type Error occurred when creating object: Signup\\SignupModule\\Controller\\Index\\index\\Interceptor, Too few arguments to function Signup\\SignupModule\\Controller\\Index\\Index::__construct(), 1 passed in /var/www/html/generated/code/Signup/SignupModule/Controller/Index/index/Interceptor.php on line 14 and exactly 2 expected at /var/www/html/vendor/magento/framework/ObjectManager/Factory/AbstractFactory.php:131)"} []
[2022-11-15 12:13:11] main.CRITICAL: Type Error occurred when creating object: Signup\SignupModule\Controller\Index\index\Interceptor, Too few arguments to function Signup\SignupModule\Controller\Index\Index::__construct(), 1 passed in /var/www/html/generated/code/Signup/SignupModule/Controller/Index/index/Interceptor.php on line 14 and exactly 2 expected {"report_id":"9e36da210ef3c3725fd8346cbd7c5ebeda43fb65bc9f3bd100417b6e9281f1ee","exception":"[object] (Magento\\Framework\\Exception\\RuntimeException(code: 0): Type Error occurred when creating object: Signup\\SignupModule\\Controller\\Index\\index\\Interceptor, Too few arguments to function Signup\\SignupModule\\Controller\\Index\\Index::__construct(), 1 passed in /var/www/html/generated/code/Signup/SignupModule/Controller/Index/index/Interceptor.php on line 14 and exactly 2 expected at /var/www/html/vendor/magento/framework/ObjectManager/Factory/AbstractFactory.php:131)"} []
[2022-11-15 12:15:22] main.CRITICAL: Type Error occurred when creating object: Signup\SignupModule\Controller\Index\index\Interceptor, Too few arguments to function Signup\SignupModule\Controller\Index\Index::__construct(), 1 passed in /var/www/html/generated/code/Signup/SignupModule/Controller/Index/index/Interceptor.php on line 14 and exactly 2 expected {"report_id":"9523aa16666c5c0f55ae295d7a19da84d5ad5264a7055f00ac62a5047f13ca72","exception":"[object] (Magento\\Framework\\Exception\\RuntimeException(code: 0): Type Error occurred when creating object: Signup\\SignupModule\\Controller\\Index\\index\\Interceptor, Too few arguments to function Signup\\SignupModule\\Controller\\Index\\Index::__construct(), 1 passed in /var/www/html/generated/code/Signup/SignupModule/Controller/Index/index/Interceptor.php on line 14 and exactly 2 expected at /var/www/html/vendor/magento/framework/ObjectManager/Factory/AbstractFactory.php:131)"} []
[2022-11-15 12:16:05] main.CRITICAL: Type Error occurred when creating object: Signup\SignupModule\Controller\Index\index\Interceptor, Too few arguments to function Signup\SignupModule\Controller\Index\Index::__construct(), 1 passed in /var/www/html/generated/code/Signup/SignupModule/Controller/Index/index/Interceptor.php on line 14 and exactly 2 expected {"report_id":"eb10ce1e4ab78abaa9c1d721775ebceec88f2aea86731c1bb57e9a0206ec5081","exception":"[object] (Magento\\Framework\\Exception\\RuntimeException(code: 0): Type Error occurred when creating object: Signup\\SignupModule\\Controller\\Index\\index\\Interceptor, Too few arguments to function Signup\\SignupModule\\Controller\\Index\\Index::__construct(), 1 passed in /var/www/html/generated/code/Signup/SignupModule/Controller/Index/index/Interceptor.php on line 14 and exactly 2 expected at /var/www/html/vendor/magento/framework/ObjectManager/Factory/AbstractFactory.php:131)"} []
[2022-11-15 12:16:21] main.CRITICAL: Type Error occurred when creating object: Signup\SignupModule\Controller\Index\index\Interceptor, Too few arguments to function Signup\SignupModule\Controller\Index\Index::__construct(), 1 passed in /var/www/html/generated/code/Signup/SignupModule/Controller/Index/index/Interceptor.php on line 14 and exactly 2 expected {"report_id":"9523aa16666c5c0f55ae295d7a19da84d5ad5264a7055f00ac62a5047f13ca72","exception":"[object] (Magento\\Framework\\Exception\\RuntimeException(code: 0): Type Error occurred when creating object: Signup\\SignupModule\\Controller\\Index\\index\\Interceptor, Too few arguments to function Signup\\SignupModule\\Controller\\Index\\Index::__construct(), 1 passed in /var/www/html/generated/code/Signup/SignupModule/Controller/Index/index/Interceptor.php on line 14 and exactly 2 expected at /var/www/html/vendor/magento/framework/ObjectManager/Factory/AbstractFactory.php:131)"} []
[2022-11-15 12:45:36] main.CRITICAL: Type Error occurred when creating object: Signup\SignupModule\Controller\Index\Index\Interceptor, Too few arguments to function Signup\SignupModule\Controller\Index\Index::__construct(), 1 passed in /var/www/html/generated/code/Signup/SignupModule/Controller/Index/Index/Interceptor.php on line 14 and exactly 2 expected {"report_id":"059701b15dbc22d3664e0d0f4a4820893225247e6eaf6cf685167a74807ce7e9","exception":"[object] (Magento\\Framework\\Exception\\RuntimeException(code: 0): Type Error occurred when creating object: Signup\\SignupModule\\Controller\\Index\\Index\\Interceptor, Too few arguments to function Signup\\SignupModule\\Controller\\Index\\Index::__construct(), 1 passed in /var/www/html/generated/code/Signup/SignupModule/Controller/Index/Index/Interceptor.php on line 14 and exactly 2 expected at /var/www/html/vendor/magento/framework/ObjectManager/Factory/AbstractFactory.php:131)"} []
[2022-11-15 13:12:08] main.CRITICAL: Type Error occurred when creating object: Signup\SignupModule\Controller\Index\Index\Interceptor, Too few arguments to function Signup\Signupmodule\Controller\Index\Index::__construct(), 1 passed in /var/www/html/generated/code/Signup/SignupModule/Controller/Index/Index/Interceptor.php on line 14 and exactly 2 expected {"report_id":"c77ac904834b2978dbbd2c603aba64dc88e2acb617302b87fcaea910282aa1d5","exception":"[object] (Magento\\Framework\\Exception\\RuntimeException(code: 0): Type Error occurred when creating object: Signup\\SignupModule\\Controller\\Index\\Index\\Interceptor, Too few arguments to function Signup\\Signupmodule\\Controller\\Index\\Index::__construct(), 1 passed in /var/www/html/generated/code/Signup/SignupModule/Controller/Index/Index/Interceptor.php on line 14 and exactly 2 expected at /var/www/html/vendor/magento/framework/ObjectManager/Factory/AbstractFactory.php:131)"} []
[2022-11-15 13:12:09] main.CRITICAL: Type Error occurred when creating object: Signup\SignupModule\Controller\Index\Index\Interceptor, Too few arguments to function Signup\Signupmodule\Controller\Index\Index::__construct(), 1 passed in /var/www/html/generated/code/Signup/SignupModule/Controller/Index/Index/Interceptor.php on line 14 and exactly 2 expected {"report_id":"c77ac904834b2978dbbd2c603aba64dc88e2acb617302b87fcaea910282aa1d5","exception":"[object] (Magento\\Framework\\Exception\\RuntimeException(code: 0): Type Error occurred when creating object: Signup\\SignupModule\\Controller\\Index\\Index\\Interceptor, Too few arguments to function Signup\\Signupmodule\\Controller\\Index\\Index::__construct(), 1 passed in /var/www/html/generated/code/Signup/SignupModule/Controller/Index/Index/Interceptor.php on line 14 and exactly 2 expected at /var/www/html/vendor/magento/framework/ObjectManager/Factory/AbstractFactory.php:131)"} []
[2022-11-16 11:09:55] main.CRITICAL: A symlink for "/var/www/html/vendor/magento/theme-frontend-blank/web/css/source/_reset.less" can't be created and placed to "/var/www/html/pub/static/frontend/Magento/luma/en_US/css/source/_reset.less". Warning!symlink(): File exists {"exception":"[object] (Magento\\Framework\\Exception\\FileSystemException(code: 0): A symlink for \"/var/www/html/vendor/magento/theme-frontend-blank/web/css/source/_reset.less\" can't be created and placed to \"/var/www/html/pub/static/frontend/Magento/luma/en_US/css/source/_reset.less\". Warning!symlink(): File exists at /var/www/html/vendor/magento/framework/Filesystem/Driver/File.php:418)"} []
[2022-11-16 11:09:55] main.CRITICAL: A symlink for "/var/www/html/lib/web/css/source/lib/_lib.less" can't be created and placed to "/var/www/html/pub/static/frontend/Magento/luma/en_US/css/source/lib/_lib.less". Warning!symlink(): File exists {"exception":"[object] (Magento\\Framework\\Exception\\FileSystemException(code: 0): A symlink for \"/var/www/html/lib/web/css/source/lib/_lib.less\" can't be created and placed to \"/var/www/html/pub/static/frontend/Magento/luma/en_US/css/source/lib/_lib.less\". Warning!symlink(): File exists at /var/www/html/vendor/magento/framework/Filesystem/Driver/File.php:418)"} []
[2022-11-18 08:43:22] main.CRITICAL: Please upgrade your database: Run "bin/magento setup:upgrade" from the Magento root directory.
The following modules are outdated:
Sign_Test data: current version - 1.0.2, required version - 1.0.3 {"report_id":"8c9c486ce0d4f1be12167b27c8b197205a44906eccb06196832f6bc61e852445","exception":"[object] (Magento\\Framework\\Exception\\LocalizedException(code: 0): Please upgrade your database: Run \"bin/magento setup:upgrade\" from the Magento root directory.
The following modules are outdated:
Sign_Test data: current version - 1.0.2, required version - 1.0.3 at /var/www/html/vendor/magento/framework/Module/Plugin/DbStatusValidator.php:66)"} []
[2022-11-18 08:43:23] main.CRITICAL: Please upgrade your database: Run "bin/magento setup:upgrade" from the Magento root directory.
The following modules are outdated:
Sign_Test data: current version - 1.0.2, required version - 1.0.3 {"report_id":"8c9c486ce0d4f1be12167b27c8b197205a44906eccb06196832f6bc61e852445","exception":"[object] (Magento\\Framework\\Exception\\LocalizedException(code: 0): Please upgrade your database: Run \"bin/magento setup:upgrade\" from the Magento root directory.
The following modules are outdated:
Sign_Test data: current version - 1.0.2, required version - 1.0.3 at /var/www/html/vendor/magento/framework/Module/Plugin/DbStatusValidator.php:66)"} []
[2022-11-18 08:49:09] main.CRITICAL: Please upgrade your database: Run "bin/magento setup:upgrade" from the Magento root directory.
The following modules are outdated:
Sign_Test data: current version - 1.0.2, required version - 1.2.0 {"report_id":"a5dde6c302d8588455ae8d24a2fcadf5f54d1fa50ebc9cd2caa73cb376c825f6","exception":"[object] (Magento\\Framework\\Exception\\LocalizedException(code: 0): Please upgrade your database: Run \"bin/magento setup:upgrade\" from the Magento root directory.
The following modules are outdated:
Sign_Test data: current version - 1.0.2, required version - 1.2.0 at /var/www/html/vendor/magento/framework/Module/Plugin/DbStatusValidator.php:66)"} []
[2022-11-18 08:59:58] main.CRITICAL: Please upgrade your database: Run "bin/magento setup:upgrade" from the Magento root directory.
The following modules are outdated:
Sign_Test data: current version - 1.1.0, required version - 1.2.0 {"report_id":"ffda4d8cfb493216d487def13c346a8dd3152c5adf628f31e947f94930de5903","exception":"[object] (Magento\\Framework\\Exception\\LocalizedException(code: 0): Please upgrade your database: Run \"bin/magento setup:upgrade\" from the Magento root directory.
The following modules are outdated:
Sign_Test data: current version - 1.1.0, required version - 1.2.0 at /var/www/html/vendor/magento/framework/Module/Plugin/DbStatusValidator.php:66)"} []
[2022-11-18 13:04:57] main.CRITICAL: Class Sign\Test\Controller\Post\Index\Interceptor does not exist {"report_id":"71a9cc5d417020a28e35a21230cccfaef7e819fa4f467f015e66855402ebcfbc","exception":"[object] (ReflectionException(code: -1): Class Sign\\Test\\Controller\\Post\\Index\\Interceptor does not exist at /var/www/html/vendor/magento/framework/Code/Reader/ClassReader.php:24)"} []
[2022-11-18 13:07:54] main.CRITICAL: Class Sign\Test\Controller\Post\Index\Interceptor does not exist {"report_id":"71a9cc5d417020a28e35a21230cccfaef7e819fa4f467f015e66855402ebcfbc","exception":"[object] (ReflectionException(code: -1): Class Sign\\Test\\Controller\\Post\\Index\\Interceptor does not exist at /var/www/html/vendor/magento/framework/Code/Reader/ClassReader.php:24)"} []
[2022-11-18 13:10:17] main.CRITICAL: Class Sign\Test\Controller\Post\index\Interceptor does not exist {"report_id":"39dccbd34096113b2796ddee9077eb4d8410b60d659e2b21430eb9b07989f1f4","exception":"[object] (ReflectionException(code: -1): Class Sign\\Test\\Controller\\Post\\index\\Interceptor does not exist at /var/www/html/vendor/magento/framework/Code/Reader/ClassReader.php:24)"} []
[2022-11-18 13:11:55] main.CRITICAL: Class Sign\Test\Controller\Post\Index\Interceptor does not exist {"report_id":"71a9cc5d417020a28e35a21230cccfaef7e819fa4f467f015e66855402ebcfbc","exception":"[object] (ReflectionException(code: -1): Class Sign\\Test\\Controller\\Post\\Index\\Interceptor does not exist at /var/www/html/vendor/magento/framework/Code/Reader/ClassReader.php:24)"} []
[2022-11-18 13:16:41] main.CRITICAL: Class Sign\Test\Controller\Post\Index\Interceptor does not exist {"report_id":"71a9cc5d417020a28e35a21230cccfaef7e819fa4f467f015e66855402ebcfbc","exception":"[object] (ReflectionException(code: -1): Class Sign\\Test\\Controller\\Post\\Index\\Interceptor does not exist at /var/www/html/vendor/magento/framework/Code/Reader/ClassReader.php:24)"} []
[2022-11-18 13:18:13] main.CRITICAL: Class Sign\Test\Controller\Post\Index\Interceptor does not exist {"report_id":"71a9cc5d417020a28e35a21230cccfaef7e819fa4f467f015e66855402ebcfbc","exception":"[object] (ReflectionException(code: -1): Class Sign\\Test\\Controller\\Post\\Index\\Interceptor does not exist at /var/www/html/vendor/magento/framework/Code/Reader/ClassReader.php:24)"} []
[2022-11-18 13:26:46] main.CRITICAL: Class Sign\Test\Controller\Post\Index\Interceptor does not exist {"report_id":"71a9cc5d417020a28e35a21230cccfaef7e819fa4f467f015e66855402ebcfbc","exception":"[object] (ReflectionException(code: -1): Class Sign\\Test\\Controller\\Post\\Index\\Interceptor does not exist at /var/www/html/vendor/magento/framework/Code/Reader/ClassReader.php:24)"} []
[2022-11-19 07:03:25] main.CRITICAL: Specified invalid parent id (Sign_Test::signup) {"exception":"[object] (OutOfRangeException(code: 0): Specified invalid parent id (Sign_Test::signup) at /var/www/html/vendor/magento/module-backend/Model/Menu/Builder.php:83)"} []
[2022-11-19 07:03:25] main.CRITICAL: Specified invalid parent id (Sign_Test::signup) {"report_id":"839ac03f320c7d8dae54397fc54b6df8b94ab989454c15f1844be92784b2dbab","exception":"[object] (OutOfRangeException(code: 0): Specified invalid parent id (Sign_Test::signup) at /var/www/html/vendor/magento/module-backend/Model/Menu/Builder.php:83)"} []
[2022-11-19 08:08:12] main.CRITICAL: Specified invalid parent id (Sig_Test::signup) {"exception":"[object] (OutOfRangeException(code: 0): Specified invalid parent id (Sig_Test::signup) at /var/www/html/vendor/magento/module-backend/Model/Menu/Builder.php:83)"} []
[2022-11-19 08:08:12] main.CRITICAL: Specified invalid parent id (Sig_Test::signup) {"report_id":"049e1f24feec76844359994d18650d5bbb917404c163331791c41e0a2297ba51","exception":"[object] (OutOfRangeException(code: 0): Specified invalid parent id (Sig_Test::signup) at /var/www/html/vendor/magento/module-backend/Model/Menu/Builder.php:83)"} []
[2022-11-19 08:08:51] main.CRITICAL: Specified invalid parent id (Sign_Test::signup) {"exception":"[object] (OutOfRangeException(code: 0): Specified invalid parent id (Sign_Test::signup) at /var/www/html/vendor/magento/module-backend/Model/Menu/Builder.php:83)"} []
[2022-11-19 08:08:51] main.CRITICAL: Specified invalid parent id (Sign_Test::signup) {"report_id":"03fe778480576285b886e0459bd4d80916f5b59de26d77fec0b5506f77ecb12e","exception":"[object] (OutOfRangeException(code: 0): Specified invalid parent id (Sign_Test::signup) at /var/www/html/vendor/magento/module-backend/Model/Menu/Builder.php:83)"} []
[2022-11-19 08:41:37] main.CRITICAL: Not registered handle pixelpro_helloworld_post_listing_data_source {"exception":"[object] (Exception(code: 0): Not registered handle pixelpro_helloworld_post_listing_data_source at /var/www/html/vendor/magento/framework/View/Element/UiComponent/DataProvider/CollectionFactory.php:49)"} []
[2022-11-21 08:37:16] main.CRITICAL: Class Sign\Test\Controller\Index\Save\Interceptor does not exist {"report_id":"dbe70170d19c1c3e2620e974faa4e5d1390f9c818f56284c198163b3d75dca04","exception":"[object] (ReflectionException(code: -1): Class Sign\\Test\\Controller\\Index\\Save\\Interceptor does not exist at /var/www/html/vendor/magento/framework/Code/Reader/ClassReader.php:24)"} []
[2022-11-21 08:38:45] main.CRITICAL: Class Sign\Test\Controller\Index\Save\Interceptor does not exist {"report_id":"dbe70170d19c1c3e2620e974faa4e5d1390f9c818f56284c198163b3d75dca04","exception":"[object] (ReflectionException(code: -1): Class Sign\\Test\\Controller\\Index\\Save\\Interceptor does not exist at /var/www/html/vendor/magento/framework/Code/Reader/ClassReader.php:24)"} []
[2022-11-21 08:50:26] main.CRITICAL: Class Sign\Test\Controller\Index\Save\Interceptor does not exist {"report_id":"dbe70170d19c1c3e2620e974faa4e5d1390f9c818f56284c198163b3d75dca04","exception":"[object] (ReflectionException(code: -1): Class Sign\\Test\\Controller\\Index\\Save\\Interceptor does not exist at /var/www/html/vendor/magento/framework/Code/Reader/ClassReader.php:24)"} []
[2022-11-21 08:54:30] main.CRITICAL: Class Sign\Test\Controller\Index\Save\Interceptor does not exist {"report_id":"dbe70170d19c1c3e2620e974faa4e5d1390f9c818f56284c198163b3d75dca04","exception":"[object] (ReflectionException(code: -1): Class Sign\\Test\\Controller\\Index\\Save\\Interceptor does not exist at /var/www/html/vendor/magento/framework/Code/Reader/ClassReader.php:24)"} []
[2022-11-21 08:58:26] main.CRITICAL: Class Sign\Test\Controller\Index\Save\Interceptor does not exist {"report_id":"dbe70170d19c1c3e2620e974faa4e5d1390f9c818f56284c198163b3d75dca04","exception":"[object] (ReflectionException(code: -1): Class Sign\\Test\\Controller\\Index\\Save\\Interceptor does not exist at /var/www/html/vendor/magento/framework/Code/Reader/ClassReader.php:24)"} []
[2022-11-21 09:00:01] main.CRITICAL: Class Sign\Test\Controller\Index\Save\Interceptor does not exist {"report_id":"dbe70170d19c1c3e2620e974faa4e5d1390f9c818f56284c198163b3d75dca04","exception":"[object] (ReflectionException(code: -1): Class Sign\\Test\\Controller\\Index\\Save\\Interceptor does not exist at /var/www/html/vendor/magento/framework/Code/Reader/ClassReader.php:24)"} []
[2022-11-21 13:39:42] main.CRITICAL: Argument interpreter named 'date' has not been defined. {"report_id":"6574c26167bd462bea29c2ac27bd5d657a21470e38cfa61b3d225eea787dcdaa","exception":"[object] (InvalidArgumentException(code: 0): Argument interpreter named 'date' has not been defined. at /var/www/html/vendor/magento/framework/Data/Argument/Interpreter/Composite.php:90)"} []
[2022-11-21 13:42:12] main.CRITICAL: Argument interpreter named 'date' has not been defined. {"report_id":"6574c26167bd462bea29c2ac27bd5d657a21470e38cfa61b3d225eea787dcdaa","exception":"[object] (InvalidArgumentException(code: 0): Argument interpreter named 'date' has not been defined. at /var/www/html/vendor/magento/framework/Data/Argument/Interpreter/Composite.php:90)"} []
[2022-11-21 13:43:38] main.CRITICAL: Argument interpreter named 'date' has not been defined. {"report_id":"d050ee3098c6c0b4b399bb036e86b5ee75a430370f5f30ae926ab58d1ef66387","exception":"[object] (InvalidArgumentException(code: 0): Argument interpreter named 'date' has not been defined. at /var/www/html/vendor/magento/framework/Data/Argument/Interpreter/Composite.php:90)"} []
[2022-11-21 13:45:08] main.CRITICAL: Argument interpreter named 'date' has not been defined. {"report_id":"6574c26167bd462bea29c2ac27bd5d657a21470e38cfa61b3d225eea787dcdaa","exception":"[object] (InvalidArgumentException(code: 0): Argument interpreter named 'date' has not been defined. at /var/www/html/vendor/magento/framework/Data/Argument/Interpreter/Composite.php:90)"} []
[2022-11-24 05:44:27] main.CRITICAL: Class Sign\Test\Controller\Index\Config\Interceptor does not exist {"report_id":"153c0a3a8478afc2d9976d61e060fe2040a77c7fc0d6241d259b196b9b1fc079","exception":"[object] (ReflectionException(code: -1): Class Sign\\Test\\Controller\\Index\\Config\\Interceptor does not exist at /var/www/html/vendor/magento/framework/Code/Reader/ClassReader.php:24)"} []
[2022-11-24 05:45:17] main.CRITICAL: Class Sign\Test\Controller\Index\Config\Interceptor does not exist {"report_id":"153c0a3a8478afc2d9976d61e060fe2040a77c7fc0d6241d259b196b9b1fc079","exception":"[object] (ReflectionException(code: -1): Class Sign\\Test\\Controller\\Index\\Config\\Interceptor does not exist at /var/www/html/vendor/magento/framework/Code/Reader/ClassReader.php:24)"} []
[2022-11-24 07:34:44] main.CRITICAL: Type Error occurred when creating object: Sign\Test\Controller\Index\Insert\Interceptor, Too few arguments to function Sign\Test\Controller\Index\Insert::__construct(), 2 passed in /var/www/html/generated/code/Sign/Test/Controller/Index/Insert/Interceptor.php on line 14 and exactly 3 expected {"report_id":"2b2c847c73cd9d292f3565563793b90fb48d81cfa438d99a5e014acb7a7bc6c0","exception":"[object] (Magento\\Framework\\Exception\\RuntimeException(code: 0): Type Error occurred when creating object: Sign\\Test\\Controller\\Index\\Insert\\Interceptor, Too few arguments to function Sign\\Test\\Controller\\Index\\Insert::__construct(), 2 passed in /var/www/html/generated/code/Sign/Test/Controller/Index/Insert/Interceptor.php on line 14 and exactly 3 expected at /var/www/html/vendor/magento/framework/ObjectManager/Factory/AbstractFactory.php:131)"} []
[2022-11-24 07:36:56] main.CRITICAL: Type Error occurred when creating object: Sign\Test\Controller\Index\Insert\Interceptor, Too few arguments to function Sign\Test\Controller\Index\Insert::__construct(), 2 passed in /var/www/html/generated/code/Sign/Test/Controller/Index/Insert/Interceptor.php on line 14 and exactly 3 expected {"report_id":"2b2c847c73cd9d292f3565563793b90fb48d81cfa438d99a5e014acb7a7bc6c0","exception":"[object] (Magento\\Framework\\Exception\\RuntimeException(code: 0): Type Error occurred when creating object: Sign\\Test\\Controller\\Index\\Insert\\Interceptor, Too few arguments to function Sign\\Test\\Controller\\Index\\Insert::__construct(), 2 passed in /var/www/html/generated/code/Sign/Test/Controller/Index/Insert/Interceptor.php on line 14 and exactly 3 expected at /var/www/html/vendor/magento/framework/ObjectManager/Factory/AbstractFactory.php:131)"} []
[2022-11-24 07:38:26] main.CRITICAL: Type Error occurred when creating object: Sign\Test\Controller\Index\Insert\Interceptor, Too few arguments to function Sign\Test\Controller\Index\Insert::__construct(), 2 passed in /var/www/html/generated/code/Sign/Test/Controller/Index/Insert/Interceptor.php on line 14 and exactly 3 expected {"report_id":"2b2c847c73cd9d292f3565563793b90fb48d81cfa438d99a5e014acb7a7bc6c0","exception":"[object] (Magento\\Framework\\Exception\\RuntimeException(code: 0): Type Error occurred when creating object: Sign\\Test\\Controller\\Index\\Insert\\Interceptor, Too few arguments to function Sign\\Test\\Controller\\Index\\Insert::__construct(), 2 passed in /var/www/html/generated/code/Sign/Test/Controller/Index/Insert/Interceptor.php on line 14 and exactly 3 expected at /var/www/html/vendor/magento/framework/ObjectManager/Factory/AbstractFactory.php:131)"} []
[2022-11-24 07:39:22] main.CRITICAL: Type Error occurred when creating object: Sign\Test\Controller\Index\Insert\Interceptor, Too few arguments to function Sign\Test\Controller\Index\Insert::__construct(), 2 passed in /var/www/html/generated/code/Sign/Test/Controller/Index/Insert/Interceptor.php on line 14 and exactly 3 expected {"report_id":"2b2c847c73cd9d292f3565563793b90fb48d81cfa438d99a5e014acb7a7bc6c0","exception":"[object] (Magento\\Framework\\Exception\\RuntimeException(code: 0): Type Error occurred when creating object: Sign\\Test\\Controller\\Index\\Insert\\Interceptor, Too few arguments to function Sign\\Test\\Controller\\Index\\Insert::__construct(), 2 passed in /var/www/html/generated/code/Sign/Test/Controller/Index/Insert/Interceptor.php on line 14 and exactly 3 expected at /var/www/html/vendor/magento/framework/ObjectManager/Factory/AbstractFactory.php:131)"} []
[2022-11-24 07:39:24] main.CRITICAL: Type Error occurred when creating object: Sign\Test\Controller\Index\Insert\Interceptor, Too few arguments to function Sign\Test\Controller\Index\Insert::__construct(), 2 passed in /var/www/html/generated/code/Sign/Test/Controller/Index/Insert/Interceptor.php on line 14 and exactly 3 expected {"report_id":"2b2c847c73cd9d292f3565563793b90fb48d81cfa438d99a5e014acb7a7bc6c0","exception":"[object] (Magento\\Framework\\Exception\\RuntimeException(code: 0): Type Error occurred when creating object: Sign\\Test\\Controller\\Index\\Insert\\Interceptor, Too few arguments to function Sign\\Test\\Controller\\Index\\Insert::__construct(), 2 passed in /var/www/html/generated/code/Sign/Test/Controller/Index/Insert/Interceptor.php on line 14 and exactly 3 expected at /var/www/html/vendor/magento/framework/ObjectManager/Factory/AbstractFactory.php:131)"} []
[2022-11-24 07:39:25] main.CRITICAL: Type Error occurred when creating object: Sign\Test\Controller\Index\Insert\Interceptor, Too few arguments to function Sign\Test\Controller\Index\Insert::__construct(), 2 passed in /var/www/html/generated/code/Sign/Test/Controller/Index/Insert/Interceptor.php on line 14 and exactly 3 expected {"report_id":"2b2c847c73cd9d292f3565563793b90fb48d81cfa438d99a5e014acb7a7bc6c0","exception":"[object] (Magento\\Framework\\Exception\\RuntimeException(code: 0): Type Error occurred when creating object: Sign\\Test\\Controller\\Index\\Insert\\Interceptor, Too few arguments to function Sign\\Test\\Controller\\Index\\Insert::__construct(), 2 passed in /var/www/html/generated/code/Sign/Test/Controller/Index/Insert/Interceptor.php on line 14 and exactly 3 expected at /var/www/html/vendor/magento/framework/ObjectManager/Factory/AbstractFactory.php:131)"} []
[2022-11-24 07:41:36] main.CRITICAL: Type Error occurred when creating object: Sign\Test\Controller\Index\Insert\Interceptor, Too few arguments to function Sign\Test\Controller\Index\Insert::__construct(), 2 passed in /var/www/html/generated/code/Sign/Test/Controller/Index/Insert/Interceptor.php on line 14 and exactly 3 expected {"report_id":"2b2c847c73cd9d292f3565563793b90fb48d81cfa438d99a5e014acb7a7bc6c0","exception":"[object] (Magento\\Framework\\Exception\\RuntimeException(code: 0): Type Error occurred when creating object: Sign\\Test\\Controller\\Index\\Insert\\Interceptor, Too few arguments to function Sign\\Test\\Controller\\Index\\Insert::__construct(), 2 passed in /var/www/html/generated/code/Sign/Test/Controller/Index/Insert/Interceptor.php on line 14 and exactly 3 expected at /var/www/html/vendor/magento/framework/ObjectManager/Factory/AbstractFactory.php:131)"} []
[2022-11-24 09:49:03] main.CRITICAL: Notice: Undefined index: id in /var/www/html/vendor/magento/module-config/Model/Config/Structure/Element/Iterator.php on line 63 {"report_id":"42d8d6de196e70c3fea9f5452c3ebdfda80b036b90fd767abf76119640473799","exception":"[object] (Exception(code: 0): Notice: Undefined index: id in /var/www/html/vendor/magento/module-config/Model/Config/Structure/Element/Iterator.php on line 63 at /var/www/html/vendor/magento/framework/App/ErrorHandler.php:61)"} []
[2022-11-24 09:49:53] main.CRITICAL: Notice: Undefined index: id in /var/www/html/vendor/magento/module-config/Model/Config/Structure/Element/Iterator.php on line 63 {"report_id":"42d8d6de196e70c3fea9f5452c3ebdfda80b036b90fd767abf76119640473799","exception":"[object] (Exception(code: 0): Notice: Undefined index: id in /var/www/html/vendor/magento/module-config/Model/Config/Structure/Element/Iterator.php on line 63 at /var/www/html/vendor/magento/framework/App/ErrorHandler.php:61)"} []
[2022-11-24 09:51:18] main.CRITICAL: Notice: Undefined index: id in /var/www/html/vendor/magento/module-config/Model/Config/Structure/Element/Iterator.php on line 63 {"report_id":"42d8d6de196e70c3fea9f5452c3ebdfda80b036b90fd767abf76119640473799","exception":"[object] (Exception(code: 0): Notice: Undefined index: id in /var/www/html/vendor/magento/module-config/Model/Config/Structure/Element/Iterator.php on line 63 at /var/www/html/vendor/magento/framework/App/ErrorHandler.php:61)"} []
[2022-11-24 09:52:07] main.CRITICAL: Notice: Undefined index: id in /var/www/html/vendor/magento/module-config/Model/Config/Structure/Element/Iterator.php on line 63 {"report_id":"42d8d6de196e70c3fea9f5452c3ebdfda80b036b90fd767abf76119640473799","exception":"[object] (Exception(code: 0): Notice: Undefined index: id in /var/www/html/vendor/magento/module-config/Model/Config/Structure/Element/Iterator.php on line 63 at /var/www/html/vendor/magento/framework/App/ErrorHandler.php:61)"} []
[2022-11-24 09:53:15] main.CRITICAL: Notice: Undefined index: id in /var/www/html/vendor/magento/module-config/Model/Config/Structure/Element/Iterator.php on line 63 {"report_id":"42d8d6de196e70c3fea9f5452c3ebdfda80b036b90fd767abf76119640473799","exception":"[object] (Exception(code: 0): Notice: Undefined index: id in /var/www/html/vendor/magento/module-config/Model/Config/Structure/Element/Iterator.php on line 63 at /var/www/html/vendor/magento/framework/App/ErrorHandler.php:61)"} []
[2022-11-24 09:53:48] main.CRITICAL: Notice: Undefined index: id in /var/www/html/vendor/magento/module-config/Model/Config/Structure/Element/Iterator.php on line 63 {"report_id":"42d8d6de196e70c3fea9f5452c3ebdfda80b036b90fd767abf76119640473799","exception":"[object] (Exception(code: 0): Notice: Undefined index: id in /var/www/html/vendor/magento/module-config/Model/Config/Structure/Element/Iterator.php on line 63 at /var/www/html/vendor/magento/framework/App/ErrorHandler.php:61)"} []
[2022-11-24 10:00:55] main.CRITICAL: Class Sign\Test\Controller\Index\Config\Interceptor does not exist {"report_id":"153c0a3a8478afc2d9976d61e060fe2040a77c7fc0d6241d259b196b9b1fc079","exception":"[object] (ReflectionException(code: -1): Class Sign\\Test\\Controller\\Index\\Config\\Interceptor does not exist at /var/www/html/vendor/magento/framework/Code/Reader/ClassReader.php:24)"} []
